<?xml version="1.0" encoding="UTF-8"?>
<!-- Generated by org.testng.reporters.JUnitReportReporter -->
<testsuite hostname="LAPTOP-DLMIEB18" failures="0" tests="1" name="test.com.SampleTestForLogin" time="20.400" errors="0" timestamp="29 Sep 2023 21:00:10 GMT">
  <testcase classname="test.com.SampleTestForLogin" name="testCSS" time="20.400"/>
</testsuite> <!-- test.com.SampleTestForLogin -->
